{"/home/runner/work/widgets/widgets/src/components/claim-button.js": {"path":"/home/runner/work/widgets/widgets/src/components/claim-button.js","statementMap":{"0":{"start":{"line":5,"column":24},"end":{"line":22,"column":1}},"1":{"start":{"line":6,"column":87},"end":{"line":6,"column":102}},"2":{"start":{"line":7,"column":24},"end":{"line":7,"column":105}},"3":{"start":{"line":7,"column":55},"end":{"line":7,"column":88}},"4":{"start":{"line":8,"column":16},"end":{"line":20,"column":3}},"5":{"start":{"line":21,"column":2},"end":{"line":21,"column":15}},"6":{"start":{"line":24,"column":28},"end":{"line":24,"column":51}},"7":{"start":{"line":24,"column":34},"end":{"line":24,"column":51}}},"fnMap":{"0":{"name":"(anonymous_0)","decl":{"start":{"line":5,"column":24},"end":{"line":5,"column":25}},"loc":{"start":{"line":5,"column":37},"end":{"line":22,"column":1}},"line":5},"1":{"name":"(anonymous_1)","decl":{"start":{"line":7,"column":47},"end":{"line":7,"column":48}},"loc":{"start":{"line":7,"column":55},"end":{"line":7,"column":88}},"line":7},"2":{"name":"(anonymous_2)","decl":{"start":{"line":24,"column":28},"end":{"line":24,"column":29}},"loc":{"start":{"line":24,"column":34},"end":{"line":24,"column":51}},"line":24}},"branchMap":{"0":{"loc":{"start":{"line":10,"column":11},"end":{"line":10,"column":27}},"type":"binary-expr","locations":[{"start":{"line":10,"column":11},"end":{"line":10,"column":16}},{"start":{"line":10,"column":20},"end":{"line":10,"column":27}}],"line":10},"1":{"loc":{"start":{"line":16,"column":16},"end":{"line":16,"column":67}},"type":"cond-expr","locations":[{"start":{"line":16,"column":35},"end":{"line":16,"column":43}},{"start":{"line":16,"column":46},"end":{"line":16,"column":67}}],"line":16},"2":{"loc":{"start":{"line":16,"column":53},"end":{"line":16,"column":66}},"type":"binary-expr","locations":[{"start":{"line":16,"column":53},"end":{"line":16,"column":61}},{"start":{"line":16,"column":65},"end":{"line":16,"column":66}}],"line":16},"3":{"loc":{"start":{"line":17,"column":10},"end":{"line":17,"column":63}},"type":"binary-expr","locations":[{"start":{"line":17,"column":10},"end":{"line":17,"column":31}},{"start":{"line":17,"column":35},"end":{"line":17,"column":63}}],"line":17},"4":{"loc":{"start":{"line":19,"column":14},"end":{"line":19,"column":30}},"type":"binary-expr","locations":[{"start":{"line":19,"column":14},"end":{"line":19,"column":19}},{"start":{"line":19,"column":23},"end":{"line":19,"column":30}}],"line":19}},"s":{"0":1,"1":4,"2":4,"3":8,"4":4,"5":4,"6":1,"7":1},"f":{"0":4,"1":8,"2":1},"b":{"0":[4,3],"1":[3,1],"2":[1,1],"3":[4,2],"4":[4,3]},"_coverageSchema":"1a1c01bbd47fc00a2c39e90264f33305004495a9","hash":"399cd5943f92c4030806de03f04762fb3059d5b7"}
,"/home/runner/work/widgets/widgets/src/components/connect-button.js": {"path":"/home/runner/work/widgets/widgets/src/components/connect-button.js","statementMap":{"0":{"start":{"line":5,"column":24},"end":{"line":22,"column":1}},"1":{"start":{"line":13,"column":6},"end":{"line":13,"column":21}},"2":{"start":{"line":14,"column":24},"end":{"line":14,"column":105}},"3":{"start":{"line":14,"column":55},"end":{"line":14,"column":88}},"4":{"start":{"line":15,"column":2},"end":{"line":21,"column":4}},"5":{"start":{"line":24,"column":28},"end":{"line":24,"column":51}},"6":{"start":{"line":24,"column":34},"end":{"line":24,"column":51}}},"fnMap":{"0":{"name":"(anonymous_0)","decl":{"start":{"line":5,"column":24},"end":{"line":5,"column":25}},"loc":{"start":{"line":5,"column":37},"end":{"line":22,"column":1}},"line":5},"1":{"name":"(anonymous_1)","decl":{"start":{"line":14,"column":47},"end":{"line":14,"column":48}},"loc":{"start":{"line":14,"column":55},"end":{"line":14,"column":88}},"line":14},"2":{"name":"(anonymous_2)","decl":{"start":{"line":24,"column":28},"end":{"line":24,"column":29}},"loc":{"start":{"line":24,"column":34},"end":{"line":24,"column":51}},"line":24}},"branchMap":{"0":{"loc":{"start":{"line":17,"column":11},"end":{"line":17,"column":27}},"type":"binary-expr","locations":[{"start":{"line":17,"column":11},"end":{"line":17,"column":16}},{"start":{"line":17,"column":20},"end":{"line":17,"column":27}}],"line":17}},"s":{"0":1,"1":2,"2":2,"3":6,"4":2,"5":1,"6":1},"f":{"0":2,"1":6,"2":1},"b":{"0":[2,2]},"_coverageSchema":"1a1c01bbd47fc00a2c39e90264f33305004495a9","hash":"5662887dc07b82bd41f5eae07e2119f1e814f370"}
,"/home/runner/work/widgets/widgets/src/components/index.js": {"path":"/home/runner/work/widgets/widgets/src/components/index.js","statementMap":{"0":{"start":{"line":5,"column":22},"end":{"line":5,"column":49}},"1":{"start":{"line":6,"column":20},"end":{"line":6,"column":45}},"2":{"start":{"line":8,"column":26},"end":{"line":12,"column":1}}},"fnMap":{},"branchMap":{},"s":{"0":3,"1":3,"2":3},"f":{},"b":{},"_coverageSchema":"1a1c01bbd47fc00a2c39e90264f33305004495a9","hash":"b8bc920b349be4c269dc452477887ddda097c2f1"}
}
