{"/home/runner/work/widgets/widgets/src/components/claim-button.js": {"path":"/home/runner/work/widgets/widgets/src/components/claim-button.js","statementMap":{"0":{"start":{"line":5,"column":24},"end":{"line":22,"column":1}},"1":{"start":{"line":6,"column":87},"end":{"line":6,"column":102}},"2":{"start":{"line":7,"column":24},"end":{"line":7,"column":105}},"3":{"start":{"line":7,"column":55},"end":{"line":7,"column":88}},"4":{"start":{"line":8,"column":16},"end":{"line":20,"column":3}},"5":{"start":{"line":21,"column":2},"end":{"line":21,"column":15}},"6":{"start":{"line":24,"column":28},"end":{"line":24,"column":51}},"7":{"start":{"line":24,"column":34},"end":{"line":24,"column":51}}},"fnMap":{"0":{"name":"(anonymous_0)","decl":{"start":{"line":5,"column":24},"end":{"line":5,"column":25}},"loc":{"start":{"line":5,"column":37},"end":{"line":22,"column":1}},"line":5},"1":{"name":"(anonymous_1)","decl":{"start":{"line":7,"column":47},"end":{"line":7,"column":48}},"loc":{"start":{"line":7,"column":55},"end":{"line":7,"column":88}},"line":7},"2":{"name":"(anonymous_2)","decl":{"start":{"line":24,"column":28},"end":{"line":24,"column":29}},"loc":{"start":{"line":24,"column":34},"end":{"line":24,"column":51}},"line":24}},"branchMap":{"0":{"loc":{"start":{"line":10,"column":11},"end":{"line":10,"column":27}},"type":"binary-expr","locations":[{"start":{"line":10,"column":11},"end":{"line":10,"column":16}},{"start":{"line":10,"column":20},"end":{"line":10,"column":27}}],"line":10},"1":{"loc":{"start":{"line":16,"column":16},"end":{"line":16,"column":67}},"type":"cond-expr","locations":[{"start":{"line":16,"column":35},"end":{"line":16,"column":43}},{"start":{"line":16,"column":46},"end":{"line":16,"column":67}}],"line":16},"2":{"loc":{"start":{"line":16,"column":53},"end":{"line":16,"column":66}},"type":"binary-expr","locations":[{"start":{"line":16,"column":53},"end":{"line":16,"column":61}},{"start":{"line":16,"column":65},"end":{"line":16,"column":66}}],"line":16},"3":{"loc":{"start":{"line":17,"column":10},"end":{"line":17,"column":63}},"type":"binary-expr","locations":[{"start":{"line":17,"column":10},"end":{"line":17,"column":31}},{"start":{"line":17,"column":35},"end":{"line":17,"column":63}}],"line":17},"4":{"loc":{"start":{"line":19,"column":14},"end":{"line":19,"column":30}},"type":"binary-expr","locations":[{"start":{"line":19,"column":14},"end":{"line":19,"column":19}},{"start":{"line":19,"column":23},"end":{"line":19,"column":30}}],"line":19}},"s":{"0":1,"1":4,"2":4,"3":8,"4":4,"5":4,"6":1,"7":1},"f":{"0":4,"1":8,"2":1},"b":{"0":[4,3],"1":[3,1],"2":[1,1],"3":[4,2],"4":[4,3]},"_coverageSchema":"1a1c01bbd47fc00a2c39e90264f33305004495a9","hash":"399cd5943f92c4030806de03f04762fb3059d5b7"}
,"/home/runner/work/widgets/widgets/src/components/connect-button.js": {"path":"/home/runner/work/widgets/widgets/src/components/connect-button.js","statementMap":{"0":{"start":{"line":5,"column":24},"end":{"line":22,"column":1}},"1":{"start":{"line":13,"column":6},"end":{"line":13,"column":21}},"2":{"start":{"line":14,"column":24},"end":{"line":14,"column":105}},"3":{"start":{"line":14,"column":55},"end":{"line":14,"column":88}},"4":{"start":{"line":15,"column":2},"end":{"line":21,"column":4}},"5":{"start":{"line":24,"column":28},"end":{"line":24,"column":51}},"6":{"start":{"line":24,"column":34},"end":{"line":24,"column":51}}},"fnMap":{"0":{"name":"(anonymous_0)","decl":{"start":{"line":5,"column":24},"end":{"line":5,"column":25}},"loc":{"start":{"line":5,"column":37},"end":{"line":22,"column":1}},"line":5},"1":{"name":"(anonymous_1)","decl":{"start":{"line":14,"column":47},"end":{"line":14,"column":48}},"loc":{"start":{"line":14,"column":55},"end":{"line":14,"column":88}},"line":14},"2":{"name":"(anonymous_2)","decl":{"start":{"line":24,"column":28},"end":{"line":24,"column":29}},"loc":{"start":{"line":24,"column":34},"end":{"line":24,"column":51}},"line":24}},"branchMap":{"0":{"loc":{"start":{"line":17,"column":11},"end":{"line":17,"column":27}},"type":"binary-expr","locations":[{"start":{"line":17,"column":11},"end":{"line":17,"column":16}},{"start":{"line":17,"column":20},"end":{"line":17,"column":27}}],"line":17}},"s":{"0":1,"1":2,"2":2,"3":6,"4":2,"5":1,"6":1},"f":{"0":2,"1":6,"2":1},"b":{"0":[2,2]},"_coverageSchema":"1a1c01bbd47fc00a2c39e90264f33305004495a9","hash":"5662887dc07b82bd41f5eae07e2119f1e814f370"}
,"/home/runner/work/widgets/widgets/src/components/direct-payment.js": {"path":"/home/runner/work/widgets/widgets/src/components/direct-payment.js","statementMap":{"0":{"start":{"line":5,"column":24},"end":{"line":25,"column":1}},"1":{"start":{"line":6,"column":74},"end":{"line":6,"column":89}},"2":{"start":{"line":7,"column":24},"end":{"line":7,"column":105}},"3":{"start":{"line":7,"column":55},"end":{"line":7,"column":88}},"4":{"start":{"line":8,"column":16},"end":{"line":23,"column":3}},"5":{"start":{"line":24,"column":2},"end":{"line":24,"column":15}},"6":{"start":{"line":27,"column":28},"end":{"line":27,"column":51}},"7":{"start":{"line":27,"column":34},"end":{"line":27,"column":51}}},"fnMap":{"0":{"name":"(anonymous_0)","decl":{"start":{"line":5,"column":24},"end":{"line":5,"column":25}},"loc":{"start":{"line":5,"column":37},"end":{"line":25,"column":1}},"line":5},"1":{"name":"(anonymous_1)","decl":{"start":{"line":7,"column":47},"end":{"line":7,"column":48}},"loc":{"start":{"line":7,"column":55},"end":{"line":7,"column":88}},"line":7},"2":{"name":"(anonymous_2)","decl":{"start":{"line":27,"column":28},"end":{"line":27,"column":29}},"loc":{"start":{"line":27,"column":34},"end":{"line":27,"column":51}},"line":27}},"branchMap":{"0":{"loc":{"start":{"line":10,"column":11},"end":{"line":10,"column":27}},"type":"binary-expr","locations":[{"start":{"line":10,"column":11},"end":{"line":10,"column":16}},{"start":{"line":10,"column":20},"end":{"line":10,"column":27}}],"line":10}},"s":{"0":1,"1":2,"2":2,"3":3,"4":2,"5":2,"6":1,"7":1},"f":{"0":2,"1":3,"2":1},"b":{"0":[2,1]},"_coverageSchema":"1a1c01bbd47fc00a2c39e90264f33305004495a9","hash":"6967ceec4f75c3b915a7b1d92f0695fafd18cb27"}
,"/home/runner/work/widgets/widgets/src/components/index.js": {"path":"/home/runner/work/widgets/widgets/src/components/index.js","statementMap":{"0":{"start":{"line":6,"column":26},"end":{"line":12,"column":1}}},"fnMap":{},"branchMap":{},"s":{"0":2},"f":{},"b":{},"_coverageSchema":"1a1c01bbd47fc00a2c39e90264f33305004495a9","hash":"52e5aac0d951671a72991cf76f9216af61a02da6"}
,"/home/runner/work/widgets/widgets/src/components/token-gating.js": {"path":"/home/runner/work/widgets/widgets/src/components/token-gating.js","statementMap":{"0":{"start":{"line":7,"column":25},"end":{"line":39,"column":1}},"1":{"start":{"line":8,"column":32},"end":{"line":8,"column":43}},"2":{"start":{"line":9,"column":38},"end":{"line":9,"column":52}},"3":{"start":{"line":10,"column":18},"end":{"line":10,"column":36}},"4":{"start":{"line":11,"column":18},"end":{"line":11,"column":34}},"5":{"start":{"line":14,"column":2},"end":{"line":17,"column":9}},"6":{"start":{"line":15,"column":4},"end":{"line":15,"column":49}},"7":{"start":{"line":20,"column":2},"end":{"line":29,"column":41}},"8":{"start":{"line":21,"column":4},"end":{"line":25,"column":5}},"9":{"start":{"line":23,"column":6},"end":{"line":23,"column":20}},"10":{"start":{"line":24,"column":6},"end":{"line":24,"column":13}},"11":{"start":{"line":28,"column":4},"end":{"line":28,"column":64}},"12":{"start":{"line":32,"column":2},"end":{"line":36,"column":46}},"13":{"start":{"line":33,"column":4},"end":{"line":35,"column":5}},"14":{"start":{"line":34,"column":6},"end":{"line":34,"column":52}},"15":{"start":{"line":38,"column":2},"end":{"line":38,"column":14}},"16":{"start":{"line":41,"column":24},"end":{"line":57,"column":1}},"17":{"start":{"line":42,"column":80},"end":{"line":42,"column":95}},"18":{"start":{"line":43,"column":17},"end":{"line":43,"column":51}},"19":{"start":{"line":44,"column":24},"end":{"line":44,"column":60}},"20":{"start":{"line":45,"column":19},"end":{"line":45,"column":90}},"21":{"start":{"line":47,"column":2},"end":{"line":56,"column":4}},"22":{"start":{"line":59,"column":28},"end":{"line":59,"column":43}},"23":{"start":{"line":59,"column":34},"end":{"line":59,"column":43}}},"fnMap":{"0":{"name":"(anonymous_0)","decl":{"start":{"line":7,"column":25},"end":{"line":7,"column":26}},"loc":{"start":{"line":7,"column":80},"end":{"line":39,"column":1}},"line":7},"1":{"name":"(anonymous_1)","decl":{"start":{"line":14,"column":12},"end":{"line":14,"column":13}},"loc":{"start":{"line":14,"column":18},"end":{"line":17,"column":3}},"line":14},"2":{"name":"(anonymous_2)","decl":{"start":{"line":20,"column":12},"end":{"line":20,"column":13}},"loc":{"start":{"line":20,"column":18},"end":{"line":29,"column":3}},"line":20},"3":{"name":"(anonymous_3)","decl":{"start":{"line":32,"column":12},"end":{"line":32,"column":13}},"loc":{"start":{"line":32,"column":18},"end":{"line":36,"column":3}},"line":32},"4":{"name":"(anonymous_4)","decl":{"start":{"line":41,"column":24},"end":{"line":41,"column":25}},"loc":{"start":{"line":41,"column":37},"end":{"line":57,"column":1}},"line":41},"5":{"name":"(anonymous_5)","decl":{"start":{"line":59,"column":28},"end":{"line":59,"column":29}},"loc":{"start":{"line":59,"column":34},"end":{"line":59,"column":43}},"line":59}},"branchMap":{"0":{"loc":{"start":{"line":7,"column":36},"end":{"line":7,"column":48}},"type":"default-arg","locations":[{"start":{"line":7,"column":47},"end":{"line":7,"column":48}}],"line":7},"1":{"loc":{"start":{"line":21,"column":4},"end":{"line":25,"column":5}},"type":"if","locations":[{"start":{"line":21,"column":4},"end":{"line":25,"column":5}},{"start":{},"end":{}}],"line":21},"2":{"loc":{"start":{"line":33,"column":4},"end":{"line":35,"column":5}},"type":"if","locations":[{"start":{"line":33,"column":4},"end":{"line":35,"column":5}},{"start":{},"end":{}}],"line":33}},"s":{"0":1,"1":12,"2":12,"3":12,"4":12,"5":12,"6":6,"7":12,"8":6,"9":3,"10":3,"11":3,"12":12,"13":12,"14":6,"15":12,"16":1,"17":1,"18":1,"19":1,"20":1,"21":1,"22":1,"23":1},"f":{"0":12,"1":6,"2":6,"3":12,"4":1,"5":1},"b":{"0":[2],"1":[3,3],"2":[6,6]},"_coverageSchema":"1a1c01bbd47fc00a2c39e90264f33305004495a9","hash":"62d896b3bd9c993f4e16a2e6aab8023935fbbb4f"}
,"/home/runner/work/widgets/widgets/src/utils/tokens.js": {"path":"/home/runner/work/widgets/widgets/src/utils/tokens.js","statementMap":{"0":{"start":{"line":6,"column":32},"end":{"line":10,"column":1}},"1":{"start":{"line":7,"column":28},"end":{"line":7,"column":68}},"2":{"start":{"line":8,"column":37},"end":{"line":8,"column":61}},"3":{"start":{"line":9,"column":4},"end":{"line":9,"column":48}},"4":{"start":{"line":12,"column":33},"end":{"line":15,"column":1}},"5":{"start":{"line":13,"column":28},"end":{"line":13,"column":76}},"6":{"start":{"line":14,"column":4},"end":{"line":14,"column":31}},"7":{"start":{"line":17,"column":34},"end":{"line":20,"column":1}},"8":{"start":{"line":18,"column":28},"end":{"line":18,"column":86}},"9":{"start":{"line":19,"column":4},"end":{"line":19,"column":31}},"10":{"start":{"line":22,"column":29},"end":{"line":32,"column":1}},"11":{"start":{"line":23,"column":4},"end":{"line":23,"column":25}},"12":{"start":{"line":23,"column":18},"end":{"line":23,"column":25}},"13":{"start":{"line":25,"column":4},"end":{"line":31,"column":5}},"14":{"start":{"line":26,"column":8},"end":{"line":26,"column":56}},"15":{"start":{"line":27,"column":11},"end":{"line":31,"column":5}},"16":{"start":{"line":28,"column":8},"end":{"line":28,"column":57}},"17":{"start":{"line":29,"column":11},"end":{"line":31,"column":5}},"18":{"start":{"line":30,"column":8},"end":{"line":30,"column":67}},"19":{"start":{"line":34,"column":25},"end":{"line":45,"column":1}},"20":{"start":{"line":35,"column":20},"end":{"line":35,"column":51}},"21":{"start":{"line":36,"column":4},"end":{"line":36,"column":39}},"22":{"start":{"line":36,"column":32},"end":{"line":36,"column":39}},"23":{"start":{"line":38,"column":20},"end":{"line":38,"column":44}},"24":{"start":{"line":39,"column":19},"end":{"line":39,"column":32}},"25":{"start":{"line":40,"column":21},"end":{"line":40,"column":56}},"26":{"start":{"line":42,"column":4},"end":{"line":42,"column":21}},"27":{"start":{"line":43,"column":4},"end":{"line":43,"column":27}},"28":{"start":{"line":44,"column":4},"end":{"line":44,"column":35}},"29":{"start":{"line":47,"column":22},"end":{"line":59,"column":1}},"30":{"start":{"line":48,"column":20},"end":{"line":48,"column":51}},"31":{"start":{"line":49,"column":4},"end":{"line":49,"column":40}},"32":{"start":{"line":49,"column":33},"end":{"line":49,"column":40}},"33":{"start":{"line":51,"column":4},"end":{"line":58,"column":5}},"34":{"start":{"line":52,"column":24},"end":{"line":52,"column":69}},"35":{"start":{"line":53,"column":8},"end":{"line":53,"column":36}},"36":{"start":{"line":54,"column":8},"end":{"line":54,"column":40}},"37":{"start":{"line":56,"column":8},"end":{"line":56,"column":31}},"38":{"start":{"line":57,"column":8},"end":{"line":57,"column":39}}},"fnMap":{"0":{"name":"(anonymous_0)","decl":{"start":{"line":6,"column":32},"end":{"line":6,"column":33}},"loc":{"start":{"line":6,"column":73},"end":{"line":10,"column":1}},"line":6},"1":{"name":"(anonymous_1)","decl":{"start":{"line":12,"column":33},"end":{"line":12,"column":34}},"loc":{"start":{"line":12,"column":74},"end":{"line":15,"column":1}},"line":12},"2":{"name":"(anonymous_2)","decl":{"start":{"line":17,"column":34},"end":{"line":17,"column":35}},"loc":{"start":{"line":17,"column":84},"end":{"line":20,"column":1}},"line":17},"3":{"name":"(anonymous_3)","decl":{"start":{"line":22,"column":29},"end":{"line":22,"column":30}},"loc":{"start":{"line":22,"column":86},"end":{"line":32,"column":1}},"line":22},"4":{"name":"(anonymous_4)","decl":{"start":{"line":34,"column":25},"end":{"line":34,"column":26}},"loc":{"start":{"line":34,"column":57},"end":{"line":45,"column":1}},"line":34},"5":{"name":"(anonymous_5)","decl":{"start":{"line":47,"column":22},"end":{"line":47,"column":23}},"loc":{"start":{"line":47,"column":65},"end":{"line":59,"column":1}},"line":47}},"branchMap":{"0":{"loc":{"start":{"line":23,"column":4},"end":{"line":23,"column":25}},"type":"if","locations":[{"start":{"line":23,"column":4},"end":{"line":23,"column":25}},{"start":{},"end":{}}],"line":23},"1":{"loc":{"start":{"line":25,"column":4},"end":{"line":31,"column":5}},"type":"if","locations":[{"start":{"line":25,"column":4},"end":{"line":31,"column":5}},{"start":{"line":27,"column":11},"end":{"line":31,"column":5}}],"line":25},"2":{"loc":{"start":{"line":27,"column":11},"end":{"line":31,"column":5}},"type":"if","locations":[{"start":{"line":27,"column":11},"end":{"line":31,"column":5}},{"start":{"line":29,"column":11},"end":{"line":31,"column":5}}],"line":27},"3":{"loc":{"start":{"line":29,"column":11},"end":{"line":31,"column":5}},"type":"if","locations":[{"start":{"line":29,"column":11},"end":{"line":31,"column":5}},{"start":{},"end":{}}],"line":29},"4":{"loc":{"start":{"line":36,"column":4},"end":{"line":36,"column":39}},"type":"if","locations":[{"start":{"line":36,"column":4},"end":{"line":36,"column":39}},{"start":{},"end":{}}],"line":36},"5":{"loc":{"start":{"line":36,"column":8},"end":{"line":36,"column":30}},"type":"binary-expr","locations":[{"start":{"line":36,"column":8},"end":{"line":36,"column":16}},{"start":{"line":36,"column":20},"end":{"line":36,"column":30}}],"line":36},"6":{"loc":{"start":{"line":49,"column":4},"end":{"line":49,"column":40}},"type":"if","locations":[{"start":{"line":49,"column":4},"end":{"line":49,"column":40}},{"start":{},"end":{}}],"line":49},"7":{"loc":{"start":{"line":49,"column":8},"end":{"line":49,"column":31}},"type":"binary-expr","locations":[{"start":{"line":49,"column":8},"end":{"line":49,"column":16}},{"start":{"line":49,"column":20},"end":{"line":49,"column":31}}],"line":49},"8":{"loc":{"start":{"line":51,"column":4},"end":{"line":58,"column":5}},"type":"if","locations":[{"start":{"line":51,"column":4},"end":{"line":58,"column":5}},{"start":{"line":55,"column":11},"end":{"line":58,"column":5}}],"line":51}},"s":{"0":1,"1":2,"2":2,"3":2,"4":1,"5":2,"6":2,"7":1,"8":2,"9":2,"10":1,"11":13,"12":9,"13":4,"14":1,"15":3,"16":1,"17":2,"18":1,"19":1,"20":3,"21":3,"22":2,"23":1,"24":1,"25":1,"26":1,"27":1,"28":1,"29":1,"30":4,"31":4,"32":2,"33":2,"34":1,"35":1,"36":1,"37":1,"38":1},"f":{"0":2,"1":2,"2":2,"3":13,"4":3,"5":4},"b":{"0":[9,4],"1":[1,3],"2":[1,2],"3":[1,1],"4":[2,1],"5":[3,2],"6":[2,2],"7":[4,3],"8":[1,1]},"_coverageSchema":"1a1c01bbd47fc00a2c39e90264f33305004495a9","hash":"754750b44a85b159e47ea6cb4df0a28984afb597"}
}
