TN:
SF:src/components/claim-button.js
FN:5,(anonymous_0)
FN:7,(anonymous_1)
FN:24,(anonymous_2)
FNF:3
FNH:3
FNDA:4,(anonymous_0)
FNDA:8,(anonymous_1)
FNDA:1,(anonymous_2)
DA:5,1
DA:6,4
DA:7,8
DA:8,4
DA:21,4
DA:24,1
LF:6
LH:6
BRDA:10,0,0,4
BRDA:10,0,1,3
BRDA:16,1,0,3
BRDA:16,1,1,1
BRDA:16,2,0,1
BRDA:16,2,1,1
BRDA:17,3,0,4
BRDA:17,3,1,2
BRDA:19,4,0,4
BRDA:19,4,1,3
BRF:10
BRH:10
end_of_record
TN:
SF:src/components/connect-button.js
FN:5,(anonymous_0)
FN:14,(anonymous_1)
FN:24,(anonymous_2)
FNF:3
FNH:3
FNDA:2,(anonymous_0)
FNDA:6,(anonymous_1)
FNDA:1,(anonymous_2)
DA:5,1
DA:13,2
DA:14,6
DA:15,2
DA:24,1
LF:5
LH:5
BRDA:17,0,0,2
BRDA:17,0,1,2
BRF:2
BRH:2
end_of_record
TN:
SF:src/components/index.js
FNF:0
FNH:0
DA:5,3
DA:6,3
DA:8,3
LF:3
LH:3
BRF:0
BRH:0
end_of_record
