TN:
SF:src/components/claim-button.js
FN:5,(anonymous_0)
FN:7,(anonymous_1)
FN:24,(anonymous_2)
FNF:3
FNH:3
FNDA:4,(anonymous_0)
FNDA:8,(anonymous_1)
FNDA:1,(anonymous_2)
DA:5,1
DA:6,4
DA:7,8
DA:8,4
DA:21,4
DA:24,1
LF:6
LH:6
BRDA:10,0,0,4
BRDA:10,0,1,3
BRDA:16,1,0,3
BRDA:16,1,1,1
BRDA:16,2,0,1
BRDA:16,2,1,1
BRDA:17,3,0,4
BRDA:17,3,1,2
BRDA:19,4,0,4
BRDA:19,4,1,3
BRF:10
BRH:10
end_of_record
TN:
SF:src/components/connect-button.js
FN:5,(anonymous_0)
FN:14,(anonymous_1)
FN:24,(anonymous_2)
FNF:3
FNH:3
FNDA:2,(anonymous_0)
FNDA:6,(anonymous_1)
FNDA:1,(anonymous_2)
DA:5,1
DA:13,2
DA:14,6
DA:15,2
DA:24,1
LF:5
LH:5
BRDA:17,0,0,2
BRDA:17,0,1,2
BRF:2
BRH:2
end_of_record
TN:
SF:src/components/index.js
FNF:0
FNH:0
DA:5,3
DA:6,3
DA:8,3
LF:3
LH:3
BRF:0
BRH:0
end_of_record
TN:
SF:src/components/token-gating.js
FN:8,(anonymous_0)
FN:14,(anonymous_1)
FN:19,(anonymous_2)
FN:31,(anonymous_3)
FN:40,(anonymous_4)
FNF:5
FNH:5
FNDA:7,(anonymous_0)
FNDA:7,(anonymous_1)
FNDA:7,(anonymous_2)
FNDA:1,(anonymous_3)
FNDA:1,(anonymous_4)
DA:8,1
DA:9,7
DA:10,7
DA:11,7
DA:12,7
DA:14,7
DA:15,7
DA:16,7
DA:19,7
DA:20,7
DA:22,3
DA:23,3
DA:25,4
DA:28,7
DA:31,1
DA:32,1
DA:33,1
DA:34,1
DA:35,1
DA:36,1
DA:37,1
DA:40,1
LF:22
LH:22
BRDA:8,0,0,1
BRDA:12,1,0,4
BRDA:12,1,1,3
BRDA:20,2,0,3
BRDA:20,2,1,4
BRF:5
BRH:5
end_of_record
TN:
SF:src/utils/tokens.js
FN:6,(anonymous_0)
FN:12,(anonymous_1)
FN:17,(anonymous_2)
FN:22,(anonymous_3)
FN:34,(anonymous_4)
FN:47,(anonymous_5)
FNF:6
FNH:6
FNDA:2,(anonymous_0)
FNDA:2,(anonymous_1)
FNDA:2,(anonymous_2)
FNDA:13,(anonymous_3)
FNDA:3,(anonymous_4)
FNDA:4,(anonymous_5)
DA:6,1
DA:7,2
DA:8,2
DA:9,2
DA:12,1
DA:13,2
DA:14,2
DA:17,1
DA:18,2
DA:19,2
DA:22,1
DA:23,13
DA:25,4
DA:26,1
DA:27,3
DA:28,1
DA:29,2
DA:30,1
DA:34,1
DA:35,3
DA:36,3
DA:38,1
DA:39,1
DA:40,1
DA:42,1
DA:43,1
DA:44,1
DA:47,1
DA:48,4
DA:49,4
DA:51,2
DA:52,1
DA:53,1
DA:54,1
DA:56,1
DA:57,1
LF:36
LH:36
BRDA:23,0,0,9
BRDA:23,0,1,4
BRDA:25,1,0,1
BRDA:25,1,1,3
BRDA:27,2,0,1
BRDA:27,2,1,2
BRDA:29,3,0,1
BRDA:29,3,1,1
BRDA:36,4,0,2
BRDA:36,4,1,1
BRDA:36,5,0,3
BRDA:36,5,1,2
BRDA:49,6,0,2
BRDA:49,6,1,2
BRDA:49,7,0,4
BRDA:49,7,1,3
BRDA:51,8,0,1
BRDA:51,8,1,1
BRF:18
BRH:18
end_of_record
